<?xml version="1.0" encoding="UTF-8"?>
<!DOCTYPE beans PUBLIC  "-//SPRING//DTD BEAN 2.0//EN"
    "http://www.springframework.org/dtd/spring-beans-2.0.dtd">

<beans>

    <bean class="org.springframework.beans.factory.config.PropertyPlaceholderConfigurer">
        <property name="locations">
            <list>
            <value>classpath:jetty.properties</value>
            </list>
        </property>
    </bean>
    
   <bean id="CloudCartDS" class="org.apache.commons.dbcp.BasicDataSource">
       <property name="driverClassName">
           <value>${database.driverClassName}</value>
       </property>
       <property name="url">
           <value>${database.url}</value>
       </property>
       <property name="username">
           <value>${database.userName}</value>
       </property>
       <property name="password">
           <value>${database.password}</value>
       </property>
   </bean>
   
</beans>